<?xml version="1.0" encoding="UTF-8"?>
<!-- Generated by org.testng.reporters.JUnitReportReporter -->
<testsuite hostname="LAPTOP-H2ILISJ2" name="com.sathya.qa.testcases.HomePageTest" tests="3" failures="0" timestamp="9 Feb 2020 06:01:40 GMT" time="48.954" errors="0">
  <testcase name="homepagetitletest" time="12.819" classname="com.sathya.qa.testcases.HomePageTest"/>
  <testcase name="logotest" time="19.177" classname="com.sathya.qa.testcases.HomePageTest"/>
  <testcase name="home2logintest" time="16.958" classname="com.sathya.qa.testcases.HomePageTest"/>
</testsuite> <!-- com.sathya.qa.testcases.HomePageTest -->
