<?xml version="1.0" encoding="UTF-8"?>
<!-- Generated by org.testng.reporters.JUnitReportReporter -->
<testsuite hostname="LAPTOP-H2ILISJ2" name="com.sathya.qa.testcases.LoginpageTest" tests="2" failures="0" timestamp="9 Jan 2020 11:24:10 GMT" time="132.694" errors="0">
  <testcase name="newregister" time="52.858" classname="com.sathya.qa.testcases.LoginpageTest"/>
  <testcase name="login" time="79.836" classname="com.sathya.qa.testcases.LoginpageTest"/>
</testsuite> <!-- com.sathya.qa.testcases.LoginpageTest -->
