<?xml version="1.0" encoding="UTF-8"?>
<!-- Generated by org.testng.reporters.JUnitReportReporter -->
<testsuite hostname="LAPTOP-H2ILISJ2" name="com.sathya.qa.testcases.RegisterPageTest" tests="5" failures="0" timestamp="20 Nov 2019 06:09:40 GMT" time="65.000" errors="0">
  <testcase name="test1" time="12.239" classname="com.sathya.qa.testcases.RegisterPageTest"/>
  <testcase name="test1" time="14.516" classname="com.sathya.qa.testcases.RegisterPageTest"/>
  <testcase name="test1" time="13.357" classname="com.sathya.qa.testcases.RegisterPageTest"/>
  <testcase name="test1" time="11.699" classname="com.sathya.qa.testcases.RegisterPageTest"/>
  <testcase name="test1" time="13.189" classname="com.sathya.qa.testcases.RegisterPageTest"/>
</testsuite> <!-- com.sathya.qa.testcases.RegisterPageTest -->
