<?xml version="1.0" encoding="UTF-8"?>
<!-- Generated by org.testng.reporters.JUnitReportReporter -->
<testsuite hostname="LAPTOP-H2ILISJ2" name="com.sathya.qa.testcases.AudioVideoTest" tests="3" failures="0" timestamp="4 Feb 2020 03:35:00 GMT" time="61.311" errors="0">
  <testcase name="led" time="22.137" classname="com.sathya.qa.testcases.AudioVideoTest"/>
  <testcase name="playstation" time="18.896" classname="com.sathya.qa.testcases.AudioVideoTest"/>
  <testcase name="hometheatre" time="20.278" classname="com.sathya.qa.testcases.AudioVideoTest"/>
</testsuite> <!-- com.sathya.qa.testcases.AudioVideoTest -->
